<?xml version="1.0" encoding="UTF-8"?>
<testsuite name="com.gmail.dlwk0807.dagotit.DagotitApplicationTests" tests="1" skipped="0" failures="0" errors="0" timestamp="2023-10-20T08:16:46" hostname="softworBookPro2.lan" time="0.471">
  <properties/>
  <testcase name="contextLoads()" classname="com.gmail.dlwk0807.dagotit.DagotitApplicationTests" time="0.471"/>
  <system-out><![CDATA[17:16:42.120 [Test worker] INFO org.springframework.test.context.support.AnnotationConfigContextLoaderUtils -- Could not detect default configuration classes for test class [com.gmail.dlwk0807.dagotit.DagotitApplicationTests]: DagotitApplicationTests does not declare any static, non-private, non-final, nested classes annotated with @Configuration.
17:16:42.215 [Test worker] INFO org.springframework.boot.test.context.SpringBootTestContextBootstrapper -- Found @SpringBootConfiguration com.gmail.dlwk0807.dagotit.DagotitApplication for test class com.gmail.dlwk0807.dagotit.DagotitApplicationTests

  .   ____          _            __ _ _
 /\\ / ___'_ __ _ _(_)_ __  __ _ \ \ \ \
( ( )\___ | '_ | '_| | '_ \/ _` | \ \ \ \
 \\/  ___)| |_)| | | | | || (_| |  ) ) ) )
  '  |____| .__|_| |_|_| |_\__, | / / / /
 =========|_|==============|___/=/_/_/_/
 :: Spring Boot ::                (v3.1.4)

2023-10-20T17:16:42.582+09:00  INFO 85197 --- [    Test worker] c.g.d.dagotit.DagotitApplicationTests    : Starting DagotitApplicationTests using Java 17.0.7 with PID 85197 (started by softworks in /Users/softworks/Documents/github/dagotit)
2023-10-20T17:16:42.584+09:00  INFO 85197 --- [    Test worker] c.g.d.dagotit.DagotitApplicationTests    : No active profile set, falling back to 1 default profile: "default"
2023-10-20T17:16:43.180+09:00  INFO 85197 --- [    Test worker] .s.d.r.c.RepositoryConfigurationDelegate : Multiple Spring Data modules found, entering strict repository configuration mode
2023-10-20T17:16:43.182+09:00  INFO 85197 --- [    Test worker] .s.d.r.c.RepositoryConfigurationDelegate : Bootstrapping Spring Data JPA repositories in DEFAULT mode.
2023-10-20T17:16:43.323+09:00  INFO 85197 --- [    Test worker] .s.d.r.c.RepositoryConfigurationDelegate : Finished Spring Data repository scanning in 134 ms. Found 2 JPA repository interfaces.
2023-10-20T17:16:43.337+09:00  INFO 85197 --- [    Test worker] .s.d.r.c.RepositoryConfigurationDelegate : Multiple Spring Data modules found, entering strict repository configuration mode
2023-10-20T17:16:43.339+09:00  INFO 85197 --- [    Test worker] .s.d.r.c.RepositoryConfigurationDelegate : Bootstrapping Spring Data Redis repositories in DEFAULT mode.
2023-10-20T17:16:43.352+09:00  INFO 85197 --- [    Test worker] .RepositoryConfigurationExtensionSupport : Spring Data Redis - Could not safely identify store assignment for repository candidate interface com.gmail.dlwk0807.dagotit.repository.MemberRepository; If you want this repository to be a Redis repository, consider annotating your entities with one of these annotations: org.springframework.data.redis.core.RedisHash (preferred), or consider extending one of the following types with your repository: org.springframework.data.keyvalue.repository.KeyValueRepository
2023-10-20T17:16:43.352+09:00  INFO 85197 --- [    Test worker] .RepositoryConfigurationExtensionSupport : Spring Data Redis - Could not safely identify store assignment for repository candidate interface com.gmail.dlwk0807.dagotit.repository.RefreshTokenRepository; If you want this repository to be a Redis repository, consider annotating your entities with one of these annotations: org.springframework.data.redis.core.RedisHash (preferred), or consider extending one of the following types with your repository: org.springframework.data.keyvalue.repository.KeyValueRepository
2023-10-20T17:16:43.353+09:00  INFO 85197 --- [    Test worker] .s.d.r.c.RepositoryConfigurationDelegate : Finished Spring Data repository scanning in 6 ms. Found 0 Redis repository interfaces.
2023-10-20T17:16:43.716+09:00  INFO 85197 --- [    Test worker] o.hibernate.jpa.internal.util.LogHelper  : HHH000204: Processing PersistenceUnitInfo [name: default]
2023-10-20T17:16:43.757+09:00  INFO 85197 --- [    Test worker] org.hibernate.Version                    : HHH000412: Hibernate ORM core version 6.2.9.Final
2023-10-20T17:16:43.759+09:00  INFO 85197 --- [    Test worker] org.hibernate.cfg.Environment            : HHH000406: Using bytecode reflection optimizer
2023-10-20T17:16:43.867+09:00  INFO 85197 --- [    Test worker] o.h.b.i.BytecodeProviderInitiator        : HHH000021: Bytecode provider name : bytebuddy
2023-10-20T17:16:43.971+09:00  INFO 85197 --- [    Test worker] o.s.o.j.p.SpringPersistenceUnitInfo      : No LoadTimeWeaver setup: ignoring JPA class transformer
2023-10-20T17:16:43.984+09:00  INFO 85197 --- [    Test worker] com.zaxxer.hikari.HikariDataSource       : HikariPool-1 - Starting...
2023-10-20T17:16:44.133+09:00  INFO 85197 --- [    Test worker] com.zaxxer.hikari.pool.HikariPool        : HikariPool-1 - Added connection conn0: url=jdbc:h2:mem:testdb user=SA
2023-10-20T17:16:44.134+09:00  INFO 85197 --- [    Test worker] com.zaxxer.hikari.HikariDataSource       : HikariPool-1 - Start completed.
2023-10-20T17:16:44.300+09:00  INFO 85197 --- [    Test worker] o.h.b.i.BytecodeProviderInitiator        : HHH000021: Bytecode provider name : bytebuddy
2023-10-20T17:16:44.813+09:00  INFO 85197 --- [    Test worker] o.h.e.t.j.p.i.JtaPlatformInitiator       : HHH000490: Using JtaPlatform implementation: [org.hibernate.engine.transaction.jta.platform.internal.NoJtaPlatform]
Hibernate: 
    drop table if exists member cascade 
Hibernate: 
    drop table if exists refresh_token cascade 
Hibernate: 
    create table member (
        member_id bigint generated by default as identity,
        authority varchar(255) check (authority in ('ROLE_USER','ROLE_ADMIN')),
        email varchar(255),
        password varchar(255),
        primary key (member_id)
    )
Hibernate: 
    create table refresh_token (
        rt_key varchar(255) not null,
        rt_value varchar(255),
        primary key (rt_key)
    )
2023-10-20T17:16:44.851+09:00  INFO 85197 --- [    Test worker] j.LocalContainerEntityManagerFactoryBean : Initialized JPA EntityManagerFactory for persistence unit 'default'
2023-10-20T17:16:45.212+09:00  WARN 85197 --- [    Test worker] JpaBaseConfiguration$JpaWebConfiguration : spring.jpa.open-in-view is enabled by default. Therefore, database queries may be performed during view rendering. Explicitly configure spring.jpa.open-in-view to disable this warning
2023-10-20T17:16:45.327+09:00  INFO 85197 --- [    Test worker] o.s.s.web.DefaultSecurityFilterChain     : Will secure any request with [org.springframework.security.web.session.DisableEncodeUrlFilter@16a14076, org.springframework.security.web.context.request.async.WebAsyncManagerIntegrationFilter@65293ca5, org.springframework.security.web.context.SecurityContextHolderFilter@28532753, org.springframework.security.web.header.HeaderWriterFilter@72c29d87, org.springframework.security.web.authentication.logout.LogoutFilter@5605a59b, com.gmail.dlwk0807.dagotit.jwt.JwtFilter@6d70e68b, org.springframework.security.web.savedrequest.RequestCacheAwareFilter@2a6871ad, org.springframework.security.web.servletapi.SecurityContextHolderAwareRequestFilter@3792fed8, org.springframework.security.web.authentication.AnonymousAuthenticationFilter@2786b644, org.springframework.security.web.session.SessionManagementFilter@42d96745, org.springframework.security.web.access.ExceptionTranslationFilter@192aeae2, org.springframework.security.web.access.intercept.AuthorizationFilter@c5e7696]
2023-10-20T17:16:45.590+09:00  INFO 85197 --- [    Test worker] o.s.b.a.w.s.WelcomePageHandlerMapping    : Adding welcome page: class path resource [static/index.html]
2023-10-20T17:16:45.962+09:00  INFO 85197 --- [    Test worker] o.s.b.a.h2.H2ConsoleAutoConfiguration    : H2 console available at '/h2-console'. Database available at 'jdbc:h2:mem:testdb'
2023-10-20T17:16:46.023+09:00  INFO 85197 --- [    Test worker] c.g.d.dagotit.DagotitApplicationTests    : Started DagotitApplicationTests in 3.684 seconds (process running for 4.658)
]]></system-out>
  <system-err><![CDATA[]]></system-err>
</testsuite>
