<?xml version="1.0" encoding="UTF-8"?>
<testsuite name="com.gmail.dlwk0807.dagotit.DagotitApplicationTests" tests="1" skipped="0" failures="0" errors="0" timestamp="2023-10-19T06:02:16" hostname="softworBookPro2.lan" time="0.633">
  <properties/>
  <testcase name="contextLoads()" classname="com.gmail.dlwk0807.dagotit.DagotitApplicationTests" time="0.633"/>
  <system-out><![CDATA[15:02:13.427 [Test worker] INFO org.springframework.test.context.support.AnnotationConfigContextLoaderUtils -- Could not detect default configuration classes for test class [com.gmail.dlwk0807.dagotit.DagotitApplicationTests]: DagotitApplicationTests does not declare any static, non-private, non-final, nested classes annotated with @Configuration.
15:02:13.527 [Test worker] INFO org.springframework.boot.test.context.SpringBootTestContextBootstrapper -- Found @SpringBootConfiguration com.gmail.dlwk0807.dagotit.DagotitApplication for test class com.gmail.dlwk0807.dagotit.DagotitApplicationTests

  .   ____          _            __ _ _
 /\\ / ___'_ __ _ _(_)_ __  __ _ \ \ \ \
( ( )\___ | '_ | '_| | '_ \/ _` | \ \ \ \
 \\/  ___)| |_)| | | | | || (_| |  ) ) ) )
  '  |____| .__|_| |_|_| |_\__, | / / / /
 =========|_|==============|___/=/_/_/_/
 :: Spring Boot ::                (v3.1.4)

2023-10-19T15:02:13.881+09:00  INFO 30899 --- [    Test worker] c.g.d.dagotit.DagotitApplicationTests    : Starting DagotitApplicationTests using Java 17.0.7 with PID 30899 (started by softworks in /Users/softworks/Documents/github/dagotit)
2023-10-19T15:02:13.882+09:00  INFO 30899 --- [    Test worker] c.g.d.dagotit.DagotitApplicationTests    : No active profile set, falling back to 1 default profile: "default"
2023-10-19T15:02:14.431+09:00  INFO 30899 --- [    Test worker] .s.d.r.c.RepositoryConfigurationDelegate : Multiple Spring Data modules found, entering strict repository configuration mode
2023-10-19T15:02:14.433+09:00  INFO 30899 --- [    Test worker] .s.d.r.c.RepositoryConfigurationDelegate : Bootstrapping Spring Data JPA repositories in DEFAULT mode.
2023-10-19T15:02:14.451+09:00  INFO 30899 --- [    Test worker] .s.d.r.c.RepositoryConfigurationDelegate : Finished Spring Data repository scanning in 11 ms. Found 0 JPA repository interfaces.
2023-10-19T15:02:14.467+09:00  INFO 30899 --- [    Test worker] .s.d.r.c.RepositoryConfigurationDelegate : Multiple Spring Data modules found, entering strict repository configuration mode
2023-10-19T15:02:14.468+09:00  INFO 30899 --- [    Test worker] .s.d.r.c.RepositoryConfigurationDelegate : Bootstrapping Spring Data Redis repositories in DEFAULT mode.
2023-10-19T15:02:14.478+09:00  INFO 30899 --- [    Test worker] .s.d.r.c.RepositoryConfigurationDelegate : Finished Spring Data repository scanning in 1 ms. Found 0 Redis repository interfaces.
2023-10-19T15:02:14.930+09:00  INFO 30899 --- [    Test worker] com.zaxxer.hikari.HikariDataSource       : HikariPool-1 - Starting...
2023-10-19T15:02:15.103+09:00  INFO 30899 --- [    Test worker] com.zaxxer.hikari.pool.HikariPool        : HikariPool-1 - Added connection conn0: url=jdbc:h2:mem:c1914bf8-06ce-4d9d-a7b0-6cb7edbce2be user=SA
2023-10-19T15:02:15.105+09:00  INFO 30899 --- [    Test worker] com.zaxxer.hikari.HikariDataSource       : HikariPool-1 - Start completed.
2023-10-19T15:02:15.145+09:00  INFO 30899 --- [    Test worker] o.hibernate.jpa.internal.util.LogHelper  : HHH000204: Processing PersistenceUnitInfo [name: default]
2023-10-19T15:02:15.188+09:00  INFO 30899 --- [    Test worker] org.hibernate.Version                    : HHH000412: Hibernate ORM core version 6.2.9.Final
2023-10-19T15:02:15.189+09:00  INFO 30899 --- [    Test worker] org.hibernate.cfg.Environment            : HHH000406: Using bytecode reflection optimizer
2023-10-19T15:02:15.298+09:00  INFO 30899 --- [    Test worker] o.h.b.i.BytecodeProviderInitiator        : HHH000021: Bytecode provider name : bytebuddy
2023-10-19T15:02:15.405+09:00  INFO 30899 --- [    Test worker] o.s.o.j.p.SpringPersistenceUnitInfo      : No LoadTimeWeaver setup: ignoring JPA class transformer
2023-10-19T15:02:15.505+09:00  INFO 30899 --- [    Test worker] o.h.b.i.BytecodeProviderInitiator        : HHH000021: Bytecode provider name : bytebuddy
2023-10-19T15:02:15.673+09:00  INFO 30899 --- [    Test worker] o.h.e.t.j.p.i.JtaPlatformInitiator       : HHH000490: Using JtaPlatform implementation: [org.hibernate.engine.transaction.jta.platform.internal.NoJtaPlatform]
2023-10-19T15:02:15.678+09:00  INFO 30899 --- [    Test worker] j.LocalContainerEntityManagerFactoryBean : Initialized JPA EntityManagerFactory for persistence unit 'default'
2023-10-19T15:02:15.709+09:00  WARN 30899 --- [    Test worker] JpaBaseConfiguration$JpaWebConfiguration : spring.jpa.open-in-view is enabled by default. Therefore, database queries may be performed during view rendering. Explicitly configure spring.jpa.open-in-view to disable this warning
2023-10-19T15:02:15.771+09:00  WARN 30899 --- [    Test worker] .s.s.UserDetailsServiceAutoConfiguration : 

Using generated security password: 319a6b74-baa1-4c3d-bdcc-99082f3c1913

This generated password is for development use only. Your security configuration must be updated before running your application in production.

2023-10-19T15:02:15.850+09:00  INFO 30899 --- [    Test worker] o.s.s.web.DefaultSecurityFilterChain     : Will secure any request with [org.springframework.security.web.session.DisableEncodeUrlFilter@39004e4f, org.springframework.security.web.context.request.async.WebAsyncManagerIntegrationFilter@5f0ca069, org.springframework.security.web.context.SecurityContextHolderFilter@2a504ea7, org.springframework.security.web.header.HeaderWriterFilter@eb695e8, org.springframework.security.web.csrf.CsrfFilter@622ba721, org.springframework.security.web.authentication.logout.LogoutFilter@177068db, org.springframework.security.web.authentication.UsernamePasswordAuthenticationFilter@5d68be4f, org.springframework.security.web.authentication.ui.DefaultLoginPageGeneratingFilter@5d77be8e, org.springframework.security.web.authentication.ui.DefaultLogoutPageGeneratingFilter@6a6a2fdd, org.springframework.security.web.savedrequest.RequestCacheAwareFilter@33a3e5db, org.springframework.security.web.servletapi.SecurityContextHolderAwareRequestFilter@47ffa248, org.springframework.security.web.authentication.AnonymousAuthenticationFilter@552ffa44, org.springframework.security.web.access.ExceptionTranslationFilter@1b841e7d, org.springframework.security.web.access.intercept.AuthorizationFilter@4d5ea776]
2023-10-19T15:02:16.736+09:00  INFO 30899 --- [    Test worker] c.g.d.dagotit.DagotitApplicationTests    : Started DagotitApplicationTests in 3.071 seconds (process running for 4.066)
]]></system-out>
  <system-err><![CDATA[]]></system-err>
</testsuite>
